# JRE version: Java(TM) SE Runtime Environment (8.0-b132) (build 1.8.0-b132)
# Java VM: Java HotSpot(TM) 64-Bit Server VM (25.0-b70 mixed mode windows-amd64 compressed oops)
Heap:
 PSYoungGen      total 41984K, used 31330K [0x00000000eb180000, 0x00000000f0380000, 0x0000000100000000)
  eden space 6144K, 58% used [0x00000000eb180000,0x00000000eb500950,0x00000000eb780000)
  from space 35840K, 77% used [0x00000000eb780000,0x00000000ed298000,0x00000000eda80000)
  to   space 38400K, 0% used [0x00000000ede00000,0x00000000ede00000,0x00000000f0380000)
 ParOldGen       total 450048K, used 412265K [0x00000000c1400000, 0x00000000dcb80000, 0x00000000eb180000)
  object space 450048K, 91% used [0x00000000c1400000,0x00000000da69a478,0x00000000dcb80000)
 Metaspace       used 3021K, capacity 4596K, committed 4864K, reserved 1056768K
  class space    used 322K, capacity 420K, committed 512K, reserved 1048576K
GC Heap History (10 events):
Event: 14.175 GC heap before
{Heap before GC invocations=126 (full 13):
 PSYoungGen      total 43008K, used 5120K [0x00000000eb180000, 0x00000000f0280000, 0x0000000100000000)
  eden space 5120K, 100% used [0x00000000eb180000,0x00000000eb680000,0x00000000eb680000)
  from space 37888K, 0% used [0x00000000edd80000,0x00000000edd80000,0x00000000f0280000)
  to   space 38912K, 0% used [0x00000000eb680000,0x00000000eb680000,0x00000000edc80000)
 ParOldGen       total 450048K, used 412265K [0x00000000c1400000, 0x00000000dcb80000, 0x00000000eb180000)
  object space 450048K, 91% used [0x00000000c1400000,0x00000000da69a478,0x00000000dcb80000)
 Metaspace       used 2959K, capacity 4564K, committed 4864K, reserved 1056768K
  class space    used 315K, capacity 388K, committed 512K, reserved 1048576K
Event: 14.181 GC heap after
Heap after GC invocations=126 (full 13):
 PSYoungGen      total 44032K, used 5184K [0x00000000eb180000, 0x00000000f0280000, 0x0000000100000000)
  eden space 5120K, 0% used [0x00000000eb180000,0x00000000eb180000,0x00000000eb680000)
  from space 38912K, 13% used [0x00000000eb680000,0x00000000ebb90000,0x00000000edc80000)
  to   space 38400K, 0% used [0x00000000edd00000,0x00000000edd00000,0x00000000f0280000)
 ParOldGen       total 450048K, used 412265K [0x00000000c1400000, 0x00000000dcb80000, 0x00000000eb180000)
  object space 450048K, 91% used [0x00000000c1400000,0x00000000da69a478,0x00000000dcb80000)
 Metaspace       used 2959K, capacity 4564K, committed 4864K, reserved 1056768K
  class space    used 315K, capacity 388K, committed 512K, reserved 1048576K
}
Event: 14.282 GC heap before
{Heap before GC invocations=127 (full 13):
 PSYoungGen      total 44032K, used 10304K [0x00000000eb180000, 0x00000000f0280000, 0x0000000100000000)
  eden space 5120K, 100% used [0x00000000eb180000,0x00000000eb680000,0x00000000eb680000)
  from space 38912K, 13% used [0x00000000eb680000,0x00000000ebb90000,0x00000000edc80000)
  to   space 38400K, 0% used [0x00000000edd00000,0x00000000edd00000,0x00000000f0280000)
 ParOldGen       total 450048K, used 412265K [0x00000000c1400000, 0x00000000dcb80000, 0x00000000eb180000)
  object space 450048K, 91% used [0x00000000c1400000,0x00000000da69a478,0x00000000dcb80000)
 Metaspace       used 2959K, capacity 4564K, committed 4864K, reserved 1056768K
  class space    used 315K, capacity 388K, committed 512K, reserved 1048576K
Event: 14.291 GC heap after
Heap after GC invocations=127 (full 13):
 PSYoungGen      total 41472K, used 10336K [0x00000000eb180000, 0x00000000f0000000, 0x0000000100000000)
  eden space 5632K, 0% used [0x00000000eb180000,0x00000000eb180000,0x00000000eb700000)
  from space 35840K, 28% used [0x00000000edd00000,0x00000000ee718000,0x00000000f0000000)
  to   space 37376K, 0% used [0x00000000eb700000,0x00000000eb700000,0x00000000edb80000)
 ParOldGen       total 450048K, used 412265K [0x00000000c1400000, 0x00000000dcb80000, 0x00000000eb180000)
  object space 450048K, 91% used [0x00000000c1400000,0x00000000da69a478,0x00000000dcb80000)
 Metaspace       used 2959K, capacity 4564K, committed 4864K, reserved 1056768K
  class space    used 315K, capacity 388K, committed 512K, reserved 1048576K
}
Event: 14.401 GC heap before
{Heap before GC invocations=128 (full 13):
 PSYoungGen      total 41472K, used 15968K [0x00000000eb180000, 0x00000000f0000000, 0x0000000100000000)
  eden space 5632K, 100% used [0x00000000eb180000,0x00000000eb700000,0x00000000eb700000)
  from space 35840K, 28% used [0x00000000edd00000,0x00000000ee718000,0x00000000f0000000)
  to   space 37376K, 0% used [0x00000000eb700000,0x00000000eb700000,0x00000000edb80000)
 ParOldGen       total 450048K, used 412265K [0x00000000c1400000, 0x00000000dcb80000, 0x00000000eb180000)
  object space 450048K, 91% used [0x00000000c1400000,0x00000000da69a478,0x00000000dcb80000)
 Metaspace       used 2959K, capacity 4564K, committed 4864K, reserved 1056768K
  class space    used 315K, capacity 388K, committed 512K, reserved 1048576K
Event: 14.414 GC heap after
Heap after GC invocations=128 (full 13):
 PSYoungGen      total 22016K, used 15968K [0x00000000eb180000, 0x00000000efd00000, 0x0000000100000000)
  eden space 5632K, 0% used [0x00000000eb180000,0x00000000eb180000,0x00000000eb700000)
  from space 16384K, 97% used [0x00000000eb700000,0x00000000ec698000,0x00000000ec700000)
  to   space 35328K, 0% used [0x00000000eda80000,0x00000000eda80000,0x00000000efd00000)
 ParOldGen       total 450048K, used 412265K [0x00000000c1400000, 0x00000000dcb80000, 0x00000000eb180000)
  object space 450048K, 91% used [0x00000000c1400000,0x00000000da69a478,0x00000000dcb80000)
 Metaspace       used 2959K, capacity 4564K, committed 4864K, reserved 1056768K
  class space    used 315K, capacity 388K, committed 512K, reserved 1048576K
}
Event: 14.524 GC heap before
{Heap before GC invocations=129 (full 13):
 PSYoungGen      total 22016K, used 21600K [0x00000000eb180000, 0x00000000efd00000, 0x0000000100000000)
  eden space 5632K, 100% used [0x00000000eb180000,0x00000000eb700000,0x00000000eb700000)
  from space 16384K, 97% used [0x00000000eb700000,0x00000000ec698000,0x00000000ec700000)
  to   space 35328K, 0% used [0x00000000eda80000,0x00000000eda80000,0x00000000efd00000)
 ParOldGen       total 450048K, used 412265K [0x00000000c1400000, 0x00000000dcb80000, 0x00000000eb180000)
  object space 450048K, 91% used [0x00000000c1400000,0x00000000da69a478,0x00000000dcb80000)
 Metaspace       used 2959K, capacity 4564K, committed 4864K, reserved 1056768K
  class space    used 315K, capacity 388K, committed 512K, reserved 1048576K
Event: 14.539 GC heap after
Heap after GC invocations=129 (full 13):
 PSYoungGen      total 41472K, used 21600K [0x00000000eb180000, 0x00000000efe00000, 0x0000000100000000)
  eden space 6144K, 0% used [0x00000000eb180000,0x00000000eb180000,0x00000000eb780000)
  from space 35328K, 61% used [0x00000000eda80000,0x00000000eef98000,0x00000000efd00000)
  to   space 35840K, 0% used [0x00000000eb780000,0x00000000eb780000,0x00000000eda80000)
 ParOldGen       total 450048K, used 412265K [0x00000000c1400000, 0x00000000dcb80000, 0x00000000eb180000)
  object space 450048K, 91% used [0x00000000c1400000,0x00000000da69a478,0x00000000dcb80000)
 Metaspace       used 2959K, capacity 4564K, committed 4864K, reserved 1056768K
  class space    used 315K, capacity 388K, committed 512K, reserved 1048576K
}
Event: 14.660 GC heap before
{Heap before GC invocations=130 (full 13):
 PSYoungGen      total 41472K, used 27744K [0x00000000eb180000, 0x00000000efe00000, 0x0000000100000000)
  eden space 6144K, 100% used [0x00000000eb180000,0x00000000eb780000,0x00000000eb780000)
  from space 35328K, 61% used [0x00000000eda80000,0x00000000eef98000,0x00000000efd00000)
  to   space 35840K, 0% used [0x00000000eb780000,0x00000000eb780000,0x00000000eda80000)
 ParOldGen       total 450048K, used 412265K [0x00000000c1400000, 0x00000000dcb80000, 0x00000000eb180000)
  object space 450048K, 91% used [0x00000000c1400000,0x00000000da69a478,0x00000000dcb80000)
 Metaspace       used 2959K, capacity 4564K, committed 4864K, reserved 1056768K
  class space    used 315K, capacity 388K, committed 512K, reserved 1048576K
Event: 14.680 GC heap after
Heap after GC invocations=130 (full 13):
 PSYoungGen      total 41984K, used 27744K [0x00000000eb180000, 0x00000000f0380000, 0x0000000100000000)
  eden space 6144K, 0% used [0x00000000eb180000,0x00000000eb180000,0x00000000eb780000)
  from space 35840K, 77% used [0x00000000eb780000,0x00000000ed298000,0x00000000eda80000)
  to   space 38400K, 0% used [0x00000000ede00000,0x00000000ede00000,0x00000000f0380000)
 ParOldGen       total 450048K, used 412265K [0x00000000c1400000, 0x00000000dcb80000, 0x00000000eb180000)
  object space 450048K, 91% used [0x00000000c1400000,0x00000000da69a478,0x00000000dcb80000)
 Metaspace       used 2959K, capacity 4564K, committed 4864K, reserved 1056768K
  class space    used 315K, capacity 388K, committed 512K, reserved 1048576K
}

